[debug] [2024-05-09T02:33:27.034Z] ----------------------------------------------------------------------
[debug] [2024-05-09T02:33:27.037Z] Command:       C:\Program Files\nodejs\node.exe C:\Users\Harip\AppData\Roaming\npm\node_modules\firebase-tools\lib\bin\firebase.js init
[debug] [2024-05-09T02:33:27.038Z] CLI Version:   13.8.1
[debug] [2024-05-09T02:33:27.038Z] Platform:      win32
[debug] [2024-05-09T02:33:27.038Z] Node Version:  v21.7.3
[debug] [2024-05-09T02:33:27.039Z] Time:          Thu May 09 2024 08:03:27 GMT+0530 (India Standard Time)
[debug] [2024-05-09T02:33:27.039Z] ----------------------------------------------------------------------
[debug] 
[debug] [2024-05-09T02:33:27.049Z] > command requires scopes: ["email","openid","https://www.googleapis.com/auth/cloudplatformprojects.readonly","https://www.googleapis.com/auth/firebase","https://www.googleapis.com/auth/cloud-platform"]
[debug] [2024-05-09T02:33:27.049Z] > authorizing via signed-in user (bhanuprasadrao2004@gmail.com)
[info] 
     ######## #### ########  ######## ########     ###     ######  ########
     ##        ##  ##     ## ##       ##     ##  ##   ##  ##       ##
     ######    ##  ########  ######   ########  #########  ######  ######
     ##        ##  ##    ##  ##       ##     ## ##     ##       ## ##
     ##       #### ##     ## ######## ########  ##     ##  ######  ########

You're about to initialize a Firebase project in this directory:

  D:\ResQRoute2.0

[info] 
=== Project Setup
[info] 
[info] First, let's associate this project directory with a Firebase project.
[info] You can create multiple project aliases by running firebase use --add, 
[info] but for now we'll just set up a default project.
[info] 
[debug] [2024-05-09T02:34:08.635Z] >>> [apiv2][query] GET https://firebase.googleapis.com/v1beta1/projects pageSize=100
[debug] [2024-05-09T02:34:10.158Z] <<< [apiv2][status] GET https://firebase.googleapis.com/v1beta1/projects 200
[debug] [2024-05-09T02:34:10.158Z] <<< [apiv2][body] GET https://firebase.googleapis.com/v1beta1/projects [omitted]
[info] i  Using project resqroute-e1a35 (ResQRoute) 
[info] 
=== Hosting Setup
[debug] [2024-05-09T02:34:27.325Z] >>> [apiv2][query] GET https://firebase.googleapis.com/v1beta1/projects/resqroute-e1a35 [none]
[debug] [2024-05-09T02:34:27.968Z] <<< [apiv2][status] GET https://firebase.googleapis.com/v1beta1/projects/resqroute-e1a35 200
[debug] [2024-05-09T02:34:27.969Z] <<< [apiv2][body] GET https://firebase.googleapis.com/v1beta1/projects/resqroute-e1a35 {"projectId":"resqroute-e1a35","projectNumber":"1060037746166","displayName":"ResQRoute","name":"projects/resqroute-e1a35","resources":{"hostingSite":"resqroute-e1a35"},"state":"ACTIVE","etag":"1_07533430-5bc6-4375-9c1a-b148d21bfb2c"}
[info] 
[info] Your public directory is the folder (relative to your project directory) that
[info] will contain Hosting assets to be uploaded with firebase deploy. If you
[info] have a build process for your assets, use your build's output directory.
[info] 
